d:\вертолетик\ярик\lab1\lab1\debug\vc142.pdb
d:\вертолетик\ярик\lab1\lab1\debug\vc142.idb
d:\вертолетик\ярик\lab1\lab1\debug\lab1.obj
d:\вертолетик\numfy\асд\lab1\lab1\debug\vc142.pdb
d:\вертолетик\numfy\асд\lab1\lab1\debug\vc142.idb
d:\вертолетик\numfy\асд\lab1\lab1\debug\linkedlist.obj
d:\вертолетик\numfy\асд\lab1\lab1\debug\lab1.obj
d:\вертолетик\numfy\асд\lab1\lab1\debug\dynamicarray.obj
d:\вертолетик\numfy\асд\lab1\lab1\debug\main.obj
d:\вертолетик\ярик\lab1\debug\lab1.exe
d:\вертолетик\ярик\lab1\lab1\debug\lab1.ilk
d:\вертолетик\ярик\lab1\debug\lab1.pdb
d:\вертолетик\numfy\асд\lab1\debug\lab1.exe
d:\вертолетик\numfy\асд\lab1\lab1\debug\lab1.ilk
d:\вертолетик\numfy\асд\lab1\debug\lab1.pdb
d:\вертолетик\numfy\асд\lab1\lab1\debug\dynamicarr.obj
d:\вертолетик\numfy\асд\lab1\lab1\debug\lab1.tlog\cl.command.1.tlog
d:\вертолетик\numfy\асд\lab1\lab1\debug\lab1.tlog\cl.read.1.tlog
d:\вертолетик\numfy\асд\lab1\lab1\debug\lab1.tlog\cl.write.1.tlog
d:\вертолетик\numfy\асд\lab1\lab1\debug\lab1.tlog\link.command.1.tlog
d:\вертолетик\numfy\асд\lab1\lab1\debug\lab1.tlog\link.read.1.tlog
d:\вертолетик\numfy\асд\lab1\lab1\debug\lab1.tlog\link.write.1.tlog
